2021-02-26 19:55:22,548 : INFO : __main__ : cdcmain.py : 30 : Spark Session for application CDC is about to create
2021-02-26 19:55:37,141 : INFO : __main__ : cdcmain.py : 33 : Spark Session created...
2021-02-26 19:55:37,141 : INFO : __main__ : cdcmain.py : 50 : Read the configuration file ...
2021-02-26 19:55:46,773 : INFO : __main__ : cdcmain.py : 56 : History file read ...
2021-02-26 19:55:47,404 : INFO : __main__ : cdcmain.py : 58 : Snapshot file read ...
2021-02-26 19:55:48,184 : INFO : __main__ : cdcmain.py : 64 : Schema of Hist file is 'StructType(List(StructField(id,DoubleType,true),StructField(fname,StringType,true),StructField(lname,StringType,true),StructField(zip,DoubleType,true),StructField(amt,DoubleType,true),StructField(start_dt,TimestampType,true),StructField(end_dt,TimestampType,true)))'
2021-02-26 19:55:48,484 : INFO : pycdc.jobs.cdcType2 : cdcType2.py : 39 : Schema is set()
2021-02-26 19:55:48,653 : INFO : pycdc.jobs.cdcType2 : cdcType2.py : 65 : Entering Closed and Active Records
2021-02-26 19:55:48,684 : INFO : pycdc.jobs.cdcType2 : cdcType2.py : 24 : ACTIVE Records 
2021-02-26 19:55:49,013 : INFO : pycdc.jobs.cdcType2 : cdcType2.py : 27 : CLOSED RECORD 
2021-02-26 19:55:49,599 : INFO : pycdc.jobs.cdcType2 : cdcType2.py : 51 : CDC Logic Implementation
2021-02-26 20:03:56,548 : INFO : __main__ : cdcmain.py : 30 : Spark Session for application CDC is about to create
2021-02-26 20:04:07,336 : INFO : __main__ : cdcmain.py : 33 : Spark Session created...
2021-02-26 20:04:07,336 : INFO : __main__ : cdcmain.py : 50 : Read the configuration file ...
2021-02-26 20:04:14,243 : INFO : __main__ : cdcmain.py : 56 : History file read ...
2021-02-26 20:04:14,847 : INFO : __main__ : cdcmain.py : 58 : Snapshot file read ...
2021-02-26 20:04:15,412 : INFO : __main__ : cdcmain.py : 64 : Schema of Hist file is 'StructType(List(StructField(id,DoubleType,true),StructField(fname,StringType,true),StructField(lname,StringType,true),StructField(zip,DoubleType,true),StructField(amt,DoubleType,true),StructField(start_dt,TimestampType,true),StructField(end_dt,TimestampType,true)))'
2021-02-26 20:04:15,578 : INFO : pycdc.jobs.cdcType2 : cdcType2.py : 39 : Schema is set()
2021-02-26 20:04:15,734 : INFO : pycdc.jobs.cdcType2 : cdcType2.py : 65 : Entering Closed and Active Records
2021-02-26 20:04:15,765 : INFO : pycdc.jobs.cdcType2 : cdcType2.py : 24 : ACTIVE Records 
2021-02-26 20:04:16,024 : INFO : pycdc.jobs.cdcType2 : cdcType2.py : 27 : CLOSED RECORD 
2021-02-26 20:04:16,283 : INFO : pycdc.jobs.cdcType2 : cdcType2.py : 51 : CDC Logic Implementation
2021-02-26 20:06:15.969 : INFO : __main__ : cdcmain.py : 30 : Spark Session for application CDC is about to create
2021-02-26 20:06:28.843 : INFO : __main__ : cdcmain.py : 33 : Spark Session created...
2021-02-26 20:06:28.844 : INFO : __main__ : cdcmain.py : 50 : Read the configuration file ...
2021-02-26 20:06:37.208 : INFO : __main__ : cdcmain.py : 56 : History file read ...
2021-02-26 20:06:37.777 : INFO : __main__ : cdcmain.py : 58 : Snapshot file read ...
2021-02-26 20:06:38.446 : INFO : __main__ : cdcmain.py : 64 : Schema of Hist file is 'StructType(List(StructField(id,DoubleType,true),StructField(fname,StringType,true),StructField(lname,StringType,true),StructField(zip,DoubleType,true),StructField(amt,DoubleType,true),StructField(start_dt,TimestampType,true),StructField(end_dt,TimestampType,true)))'
2021-02-26 20:06:38.725 : INFO : pycdc.jobs.cdcType2 : cdcType2.py : 39 : Schema is set()
2021-02-26 20:06:38.945 : INFO : pycdc.jobs.cdcType2 : cdcType2.py : 65 : Entering Closed and Active Records
2021-02-26 20:06:38.991 : INFO : pycdc.jobs.cdcType2 : cdcType2.py : 24 : ACTIVE Records 
2021-02-26 20:06:39.446 : INFO : pycdc.jobs.cdcType2 : cdcType2.py : 27 : CLOSED RECORD 
2021-02-26 20:06:39.934 : INFO : pycdc.jobs.cdcType2 : cdcType2.py : 51 : CDC Logic Implementation
2021-03-06 17:23:41.978 : INFO : __main__ : cdcmain.py : 30 : Spark Session for application CDC is about to create
2021-03-06 17:23:52.852 : INFO : __main__ : cdcmain.py : 33 : Spark Session created...
2021-03-06 17:23:52.853 : INFO : __main__ : cdcmain.py : 50 : Read the configuration file ...
2021-03-06 17:24:01.466 : INFO : __main__ : cdcmain.py : 56 : History file read ...
2021-03-06 17:24:01.969 : INFO : __main__ : cdcmain.py : 58 : Snapshot file read ...
2021-03-06 17:24:02.586 : INFO : __main__ : cdcmain.py : 64 : Schema of Hist file is 'StructType(List(StructField(id,DoubleType,true),StructField(fname,StringType,true),StructField(lname,StringType,true),StructField(zip,DoubleType,true),StructField(amt,DoubleType,true),StructField(start_dt,TimestampType,true),StructField(end_dt,TimestampType,true)))'
2021-03-06 17:24:02.827 : INFO : pycdc.jobs.cdcType2 : cdcType2.py : 39 : Schema is set()
2021-03-06 17:24:02.965 : INFO : pycdc.jobs.cdcType2 : cdcType2.py : 65 : Entering Closed and Active Records
2021-03-06 17:24:03.000 : INFO : pycdc.jobs.cdcType2 : cdcType2.py : 24 : ACTIVE Records 
2021-03-06 17:24:03.524 : INFO : pycdc.jobs.cdcType2 : cdcType2.py : 27 : CLOSED RECORD 
2021-03-06 17:24:04.004 : INFO : pycdc.jobs.cdcType2 : cdcType2.py : 51 : CDC Logic Implementation
2021-03-08 07:17:21.109 : INFO : __main__ : cdcmain.py : 30 : Spark Session for application CDC is about to create
2021-03-08 07:18:00.496 : INFO : __main__ : cdcmain.py : 33 : Spark Session created...
2021-03-08 07:18:00.496 : INFO : __main__ : cdcmain.py : 35 : Intializing the Spark Logger
2021-03-08 07:18:00.504 : INFO : __main__ : cdcmain.py : 55 : Read the configuration file ...
2021-03-08 07:18:20.467 : INFO : __main__ : cdcmain.py : 61 : History file read ...
2021-03-08 07:18:20.868 : INFO : __main__ : cdcmain.py : 63 : Snapshot file read ...
2021-03-08 07:18:21.605 : INFO : __main__ : cdcmain.py : 69 : Schema of Hist file is 'StructType(List(StructField(id,DoubleType,true),StructField(fname,StringType,true),StructField(lname,StringType,true),StructField(zip,DoubleType,true),StructField(amt,DoubleType,true),StructField(start_dt,TimestampType,true),StructField(end_dt,TimestampType,true)))'
2021-03-08 07:18:21.946 : INFO : pycdc.jobs.cdcType2 : cdcType2.py : 39 : Schema is set()
2021-03-08 07:18:22.126 : INFO : pycdc.jobs.cdcType2 : cdcType2.py : 65 : Entering Closed and Active Records
2021-03-08 07:18:22.158 : INFO : pycdc.jobs.cdcType2 : cdcType2.py : 24 : ACTIVE Records 
2021-03-08 07:18:22.480 : INFO : pycdc.jobs.cdcType2 : cdcType2.py : 27 : CLOSED RECORD 
2021-03-08 07:18:22.764 : INFO : pycdc.jobs.cdcType2 : cdcType2.py : 51 : CDC Logic Implementation
2021-03-17 12:19:15.572 : INFO : __main__ : cdcmain.py : 30 : Spark Session for application CDC is about to create
2021-03-17 12:19:35.596 : INFO : __main__ : cdcmain.py : 33 : Spark Session created...
2021-03-17 12:19:35.596 : INFO : __main__ : cdcmain.py : 35 : Intializing the Spark Logger
2021-03-17 12:19:35.603 : INFO : __main__ : cdcmain.py : 55 : Read the configuration file ...
2021-03-17 12:19:51.362 : INFO : __main__ : cdcmain.py : 61 : History file read ...
2021-03-17 12:19:51.768 : INFO : __main__ : cdcmain.py : 63 : Snapshot file read ...
2021-03-17 12:19:52.691 : INFO : __main__ : cdcmain.py : 69 : Schema of Hist file is 'StructType(List(StructField(id,DoubleType,true),StructField(fname,StringType,true),StructField(lname,StringType,true),StructField(zip,DoubleType,true),StructField(amt,DoubleType,true),StructField(start_dt,TimestampType,true),StructField(end_dt,TimestampType,true)))'
2021-03-17 12:19:53.019 : INFO : pycdc.jobs.cdcType2 : cdcType2.py : 39 : Schema is set()
2021-03-17 12:19:53.201 : INFO : pycdc.jobs.cdcType2 : cdcType2.py : 65 : Entering Closed and Active Records
2021-03-17 12:19:53.230 : INFO : pycdc.jobs.cdcType2 : cdcType2.py : 24 : ACTIVE Records 
2021-03-17 12:19:53.591 : INFO : pycdc.jobs.cdcType2 : cdcType2.py : 27 : CLOSED RECORD 
2021-03-17 12:19:53.846 : INFO : pycdc.jobs.cdcType2 : cdcType2.py : 51 : CDC Logic Implementation
2021-03-17 12:43:00.346 : INFO : __main__ : cdcmain.py : 30 : Spark Session for application CDC is about to create
2021-03-17 12:43:11.453 : INFO : __main__ : cdcmain.py : 33 : Spark Session created...
2021-03-17 12:43:11.455 : INFO : __main__ : cdcmain.py : 35 : Intializing the Spark Logger
2021-03-17 12:43:11.470 : INFO : __main__ : cdcmain.py : 55 : Read the configuration file ...
2021-03-17 12:43:18.311 : INFO : __main__ : cdcmain.py : 61 : History file read ...
2021-03-17 12:43:18.718 : INFO : __main__ : cdcmain.py : 63 : Snapshot file read ...
2021-03-17 12:43:19.154 : INFO : __main__ : cdcmain.py : 69 : Schema of Hist file is 'StructType(List(StructField(id,DoubleType,true),StructField(fname,StringType,true),StructField(lname,StringType,true),StructField(zip,DoubleType,true),StructField(amt,DoubleType,true),StructField(start_dt,TimestampType,true),StructField(end_dt,TimestampType,true)))'
2021-03-17 12:43:19.340 : INFO : pycdc.jobs.cdcType2 : cdcType2.py : 39 : Schema is set()
2021-03-17 12:43:19.380 : INFO : pycdc.jobs.cdcType2 : cdcType2.py : 65 : Entering Closed and Active Records
2021-03-17 12:43:19.430 : INFO : pycdc.jobs.cdcType2 : cdcType2.py : 24 : ACTIVE Records 
2021-03-17 12:43:19.743 : INFO : pycdc.jobs.cdcType2 : cdcType2.py : 27 : CLOSED RECORD 
2021-03-17 12:43:20.010 : INFO : pycdc.jobs.cdcType2 : cdcType2.py : 51 : CDC Logic Implementation
2021-03-17 12:48:56.356 : INFO : __main__ : cdcmain.py : 30 : Spark Session for application CDC is about to create
2021-03-17 12:49:04.105 : INFO : __main__ : cdcmain.py : 33 : Spark Session created...
2021-03-17 12:49:04.105 : INFO : __main__ : cdcmain.py : 35 : Intializing the Spark Logger
2021-03-17 12:49:04.113 : INFO : __main__ : cdcmain.py : 55 : Read the configuration file ...
2021-03-17 12:49:10.875 : INFO : __main__ : cdcmain.py : 61 : History file read ...
2021-03-17 12:49:11.446 : INFO : __main__ : cdcmain.py : 63 : Snapshot file read ...
2021-03-17 12:49:12.066 : INFO : __main__ : cdcmain.py : 69 : Schema of Hist file is 'StructType(List(StructField(id,DoubleType,true),StructField(fname,StringType,true),StructField(lname,StringType,true),StructField(zip,DoubleType,true),StructField(amt,DoubleType,true),StructField(start_dt,TimestampType,true),StructField(end_dt,TimestampType,true)))'
2021-03-17 12:49:12.327 : INFO : pycdc.jobs.cdcType2 : cdcType2.py : 39 : Schema is set()
2021-03-17 12:49:12.434 : INFO : pycdc.jobs.cdcType2 : cdcType2.py : 65 : Entering Closed and Active Records
2021-03-17 12:49:12.463 : INFO : pycdc.jobs.cdcType2 : cdcType2.py : 24 : ACTIVE Records 
2021-03-17 12:49:12.783 : INFO : pycdc.jobs.cdcType2 : cdcType2.py : 27 : CLOSED RECORD 
2021-03-17 12:49:13.115 : INFO : pycdc.jobs.cdcType2 : cdcType2.py : 51 : CDC Logic Implementation
2021-03-22 13:02:00.525 : INFO : __main__ : cdcmain.py : 31 : Spark Session for application CDC is about to create
2021-03-22 13:02:46.157 : INFO : __main__ : cdcmain.py : 34 : Spark Session created...
2021-03-22 13:02:46.157 : INFO : __main__ : cdcmain.py : 36 : Intializing the Spark Logger
2021-03-22 13:02:46.172 : INFO : __main__ : cdcmain.py : 58 : Read the configuration file ...
2021-03-22 13:02:46.172 : INFO : __main__ : cdcmain.py : 63 : Read the Schema  Hist
2021-03-22 13:02:46.172 : INFO : __main__ : cdcmain.py : 66 : Read the Schema  Hist is 'StructType(List(StructField(id,DoubleType,true),StructField(fname,StringType,true),StructField(lname,StringType,true),StructField(zip,DoubleType,true),StructField(amt,DoubleType,true),StructField(start_dt,TimestampType,true),StructField(end_dt,TimestampType,true)))'
2021-03-22 13:02:46.172 : INFO : __main__ : cdcmain.py : 68 : Read the Schema  Snap
2021-03-22 13:02:46.172 : INFO : __main__ : cdcmain.py : 71 : Read the Schema Snapshot is 'StructType(List(StructField(id,DoubleType,true),StructField(fname,StringType,true),StructField(lname,StringType,true),StructField(zip,DoubleType,true),StructField(amt,DoubleType,true),StructField(start_dt,TimestampType,true),StructField(end_dt,TimestampType,true)))'
2021-03-22 13:02:51.986 : INFO : __main__ : cdcmain.py : 76 : History file read ...
2021-03-22 13:02:52.017 : INFO : __main__ : cdcmain.py : 79 : Snapshot file read ...
2021-03-22 13:03:00.904 : INFO : __main__ : cdcmain.py : 85 : Schema of Hist file is 'StructType(List(StructField(id,DoubleType,true),StructField(fname,StringType,true),StructField(lname,StringType,true),StructField(zip,DoubleType,true),StructField(amt,DoubleType,true),StructField(start_dt,TimestampType,true),StructField(end_dt,TimestampType,true)))'
2021-03-22 13:03:01.180 : INFO : pycdc.jobs.cdcType2 : cdcType2.py : 39 : Schema is set()
2021-03-22 13:03:02.009 : INFO : pycdc.jobs.cdcType2 : cdcType2.py : 65 : Entering Closed and Active Records
2021-03-22 13:03:02.087 : INFO : pycdc.jobs.cdcType2 : cdcType2.py : 24 : ACTIVE Records 
2021-03-22 13:03:02.464 : INFO : pycdc.jobs.cdcType2 : cdcType2.py : 27 : CLOSED RECORD 
2021-03-22 13:03:02.839 : INFO : pycdc.jobs.cdcType2 : cdcType2.py : 51 : CDC Logic Implementation
