2021-02-23 12:55:31,901.901 INFO cdcmain - <module>: Spark Session for application CDC is about to create
2021-02-23 12:55:43,306.306 INFO cdcmain - <module>: Spark Session created...
2021-02-23 12:55:43,306.306 INFO cdcmain - <module>: Read the configuration file ...
2021-02-23 12:55:49,995.995 INFO cdcmain - <module>: History file read ...
2021-02-23 12:55:50,500.500 INFO cdcmain - <module>: Snapshot file read ...
2021-02-23 12:55:51,266.266 INFO cdcmain - <module>: Schema of Hist file is 'StructType(List(StructField(id,DoubleType,true),StructField(fname,StringType,true),StructField(lname,StringType,true),StructField(zip,DoubleType,true),StructField(amt,DoubleType,true),StructField(start_dt,TimestampType,true),StructField(end_dt,TimestampType,true)))'
2021-02-25 18:32:59,021.021 INFO cdcmain - <module>: Spark Session for application CDC is about to create
2021-02-25 18:54:09,111.111 INFO cdcmain - <module>: Spark Session for application CDC is about to create
2021-02-25 18:54:35,304.304 INFO cdcmain - <module>: Spark Session created...
2021-02-25 18:54:35,320.320 INFO cdcmain - <module>: Read the configuration file ...
2021-02-25 18:54:52,928.928 INFO cdcmain - <module>: History file read ...
2021-02-25 18:54:53,326.326 INFO cdcmain - <module>: Snapshot file read ...
2021-02-25 18:54:54,612.612 INFO cdcmain - <module>: Schema of Hist file is 'StructType(List(StructField(id,DoubleType,true),StructField(fname,StringType,true),StructField(lname,StringType,true),StructField(zip,DoubleType,true),StructField(amt,DoubleType,true),StructField(start_dt,TimestampType,true),StructField(end_dt,TimestampType,true)))'
2021-02-25 18:54:54,793.793 INFO cdcType2 - validation: Schema is set()
2021-02-25 18:54:54,936.936 INFO cdcType2 - splitHistActiveClosed: Entering Closed and Active Records
2021-02-25 18:54:54,964.964 INFO cdcType2 - cdcType2Main: ACTIVE Records 
2021-02-25 18:54:55,205.205 INFO cdcType2 - cdcType2Main: CLOSED RECORD 
2021-02-25 18:54:55,426.426 INFO cdcType2 - cdcLogicImpl: CDC Logic Implementation
2021-02-25 18:58:11,784.784 INFO cdcmain - <module>: Spark Session for application CDC is about to create
2021-02-25 18:58:22,795.795 INFO cdcmain - <module>: Spark Session created...
2021-02-25 18:58:22,795.795 INFO cdcmain - <module>: Read the configuration file ...
2021-02-25 18:58:29,872.872 INFO cdcmain - <module>: History file read ...
2021-02-25 18:58:30,290.290 INFO cdcmain - <module>: Snapshot file read ...
2021-02-25 18:58:30,724.724 INFO cdcmain - <module>: Schema of Hist file is 'StructType(List(StructField(id,DoubleType,true),StructField(fname,StringType,true),StructField(lname,StringType,true),StructField(zip,DoubleType,true),StructField(amt,DoubleType,true),StructField(start_dt,TimestampType,true),StructField(end_dt,TimestampType,true)))'
2021-02-25 18:58:30,977.977 INFO cdcType2 - validation: Schema is set()
2021-02-25 18:58:31,068.068 INFO cdcType2 - splitHistActiveClosed: Entering Closed and Active Records
2021-02-25 18:58:31,099.099 INFO cdcType2 - cdcType2Main: ACTIVE Records 
2021-02-25 18:58:31,361.361 INFO cdcType2 - cdcType2Main: CLOSED RECORD 
2021-02-25 18:58:31,633.633 INFO cdcType2 - cdcLogicImpl: CDC Logic Implementation
2021-02-25 19:04:00,786.786 INFO cdcmain - <module>: Spark Session for application CDC is about to create
2021-02-25 19:04:12,496.496 INFO cdcmain - <module>: Spark Session created...
2021-02-25 19:04:12,496.496 INFO cdcmain - <module>: Read the configuration file ...
2021-02-25 19:04:19,707.707 INFO cdcmain - <module>: History file read ...
2021-02-25 19:04:20,122.122 INFO cdcmain - <module>: Snapshot file read ...
2021-02-25 19:04:20,669.669 INFO cdcmain - <module>: Schema of Hist file is 'StructType(List(StructField(id,DoubleType,true),StructField(fname,StringType,true),StructField(lname,StringType,true),StructField(zip,DoubleType,true),StructField(amt,DoubleType,true),StructField(start_dt,TimestampType,true),StructField(end_dt,TimestampType,true)))'
